<?xml version="1.0" encoding="UTF-8"?>
<testng-results skipped="0" failed="0" total="0" passed="0">
  <reporter-output>
  </reporter-output>
  <suite name="com.company.testclasses.GoogleTest" duration-ms="10" started-at="2014-11-07T05:54:58Z" finished-at="2014-11-07T05:54:58Z">
    <groups>
    </groups>
    <test name="Command line test" duration-ms="10" started-at="2014-11-07T05:54:58Z" finished-at="2014-11-07T05:54:58Z">
    </test> <!-- Command line test -->
  </suite> <!-- com.company.testclasses.GoogleTest -->
</testng-results>
