<?xml version="1.0" encoding="UTF-8"?>
<testng-results skipped="0" failed="0" total="1" passed="1">
  <reporter-output>
  </reporter-output>
  <suite name="Default suite" duration-ms="20" started-at="2014-11-07T06:39:19Z" finished-at="2014-11-07T06:39:19Z">
    <groups>
    </groups>
    <test name="Default test" duration-ms="20" started-at="2014-11-07T06:39:19Z" finished-at="2014-11-07T06:39:19Z">
      <class name="com.company.testclasses.Branch1">
        <test-method status="PASS" signature="Branch()[pri:0, instance:com.company.testclasses.Branch1@538f1d7e]" name="Branch" duration-ms="10" started-at="2014-11-07T12:09:19Z" finished-at="2014-11-07T12:09:19Z">
          <reporter-output>
          </reporter-output>
        </test-method> <!-- Branch -->
      </class> <!-- com.company.testclasses.Branch1 -->
    </test> <!-- Default test -->
  </suite> <!-- Default suite -->
</testng-results>
